1537977284006	geckodriver	INFO	geckodriver 0.20.0
1537977284077	geckodriver	INFO	Listening on 127.0.0.1:57290
1537977285032	mozrunner::runner	INFO	Running command: "/Applications/Firefox.app/Contents/MacOS/firefox-bin" "-marionette" "-profile" "/var/folders/vs/m5_8hw4n0m1_8h33x11zh2jr0000gn/T/rust_mozprofile.vGnFHvvp0YHL"
2018-09-26 12:54:46.808 plugin-container[48552:3942169] *** CFMessagePort: bootstrap_register(): failed 1100 (0x44c) 'Permission denied', port = 0x733b, name = 'com.apple.tsm.portname'
See /usr/include/servers/bootstrap_defs.h for the error codes.
1537977287559	Marionette	INFO	Listening on port 57302
1537977287616	Marionette	WARN	TLS certificate errors will be ignored for this session
2018-09-26 12:54:48.018 plugin-container[48553:3942284] *** CFMessagePort: bootstrap_register(): failed 1100 (0x44c) 'Permission denied', port = 0x8c07, name = 'com.apple.tsm.portname'
See /usr/include/servers/bootstrap_defs.h for the error codes.
JavaScript warning: https://static.pubmed.gov/portal/portal3rc.fcgi/4181544/js/3812534/4087685/3812535/4080513/3815665/4069329/4178377/3879255/4121861/4179604/4076482/2486879/3390268/2465107/3758627/2026703/1053413/3812291/3805571/3908752/3423/42782/4166254/3407051/25348/4019784/3924613/3798707/3397055/4177273/3217400/4161206/4001808.js, line 2618: unreachable code after return statement
JavaScript warning: https://static.pubmed.gov/portal/portal3rc.fcgi/4181544/js/3812534/4087685/3812535/4080513/3815665/4069329/4178377/3879255/4121861/4179604/3758627/2026703/3812291/3805571/3908752/3423/42782/4166254/3407051/4076482/25348/4019784/31971/35962/2168002/3924613/3798707/3397055/4177273/3217400/4161206/4001808.js, line 2618: unreachable code after return statement
JavaScript warning: https://static.pubmed.gov/portal/portal3rc.fcgi/4181544/js/3812534/4087685/3812535/4080513/3815665/4069329/4178377/3879255/4121861/4179604/3758627/2026703/3908752/3423/4176330/4178692/3217400/4176568/4177091/4076482/4178709/4178696/31971/35962/2168002/31854/35643/33966/33536/3254321/3397055/4177273/4161206/4001808.js, line 2618: unreachable code after return statement
JavaScript warning: https://static.pubmed.gov/portal/portal3rc.fcgi/4181544/js/3812534/4087685/3812535/4080513/3815665/4069329/4178377/3879255/4121861/4179604/3758627/2026703/3908752/3423/4176330/4178692/3217400/4176568/4177091/4076482/4178709/4178696/31971/35962/2168002/31854/35643/33966/33536/3254321/3397055/4177273/4161206/4001808.js, line 2618: unreachable code after return statement
JavaScript warning: https://static.pubmed.gov/portal/portal3rc.fcgi/4181544/js/3812534/4087685/3812535/4080513/3815665/4069329/4178377/3879255/4121861/4179604/3758627/2026703/3908752/3423/4176330/4178692/3217400/4176568/4177091/4076482/4178709/4178696/31971/35962/2168002/31854/35643/33966/33536/3254321/3397055/4177273/4161206/4001808.js, line 2618: unreachable code after return statement
JavaScript warning: https://static.pubmed.gov/portal/portal3rc.fcgi/4181544/js/3812534/4087685/3812535/4080513/3815665/4069329/4178377/3879255/4121861/4179604/3758627/2026703/3908752/3423/4176330/4178692/3217400/4176568/4177091/4076482/4178709/4178696/31971/35962/2168002/31854/35643/33966/33536/3254321/3397055/4177273/4161206/4001808.js, line 2618: unreachable code after return statement
JavaScript warning: https://static.pubmed.gov/portal/portal3rc.fcgi/4181544/js/3812534/4087685/3812535/4080513/3815665/4069329/4178377/3879255/4121861/4179604/4076482/2486879/3390268/2465107/3758627/2026703/1053413/3812291/3805571/3908752/3423/42782/4166254/3407051/25348/4019784/3924613/3798707/3397055/4177273/3217400/4161206/4001808.js, line 2618: unreachable code after return statement
JavaScript warning: https://static.pubmed.gov/portal/portal3rc.fcgi/4181544/js/3812534/4087685/3812535/4080513/3815665/4069329/4178377/3879255/4121861/4179604/3758627/2026703/1053413/3812291/3805571/3908752/3423/42782/4166254/3407051/4076482/25348/4019784/3924613/3798707/3397055/4177273/3217400/4161206/4001808.js, line 2618: unreachable code after return statement
JavaScript warning: https://static.pubmed.gov/portal/portal3rc.fcgi/4181544/js/3812534/4087685/3812535/4080513/3815665/4069329/4178377/3879255/4121861/4179604/4076482/2486879/3390268/2465107/3758627/2026703/1053413/3812291/3805571/3908752/3423/42782/4166254/3407051/25348/4019784/3924613/3798707/3397055/4177273/3217400/4161206/4001808.js, line 2618: unreachable code after return statement
JavaScript warning: https://static.pubmed.gov/portal/portal3rc.fcgi/4181544/js/3812534/4087685/3812535/4080513/3815665/4069329/4178377/3879255/4121861/4179604/3758627/2026703/1053413/3812291/3805571/3908752/3423/42782/4166254/3407051/4076482/25348/4019784/3924613/3798707/3397055/4177273/3217400/4161206/4001808.js, line 2618: unreachable code after return statement
JavaScript warning: https://static.pubmed.gov/portal/portal3rc.fcgi/4181544/js/3812534/4087685/3812535/4080513/3815665/4069329/4178377/3879255/4121861/4179604/4076482/2486879/3390268/2465107/3758627/2026703/1053413/3812291/3805571/3908752/3423/42782/4166254/3407051/25348/4019784/3924613/3798707/3397055/4177273/3217400/4161206/4001808.js, line 2618: unreachable code after return statement
JavaScript warning: https://static.pubmed.gov/portal/portal3rc.fcgi/4181544/js/3812534/4087685/3812535/4080513/3815665/4069329/4178377/3879255/4121861/4179604/3758627/2026703/1053413/3812291/3805571/3908752/3423/42782/4166254/3407051/4076482/25348/4019784/3924613/3798707/3397055/4177273/3217400/4161206/4001808.js, line 2618: unreachable code after return statement
JavaScript warning: https://static.pubmed.gov/portal/portal3rc.fcgi/4181544/js/3812534/4087685/3812535/4080513/3815665/4069329/4178377/3879255/4121861/4179604/3758627/2026703/1053413/3812291/3805571/3908752/3423/42782/4166254/3407051/4076482/25348/4019784/3924613/3798707/3397055/4177273/3217400/4161206/4001808.js, line 2618: unreachable code after return statement
[GFX1-]: Receive IPC close with reason=AbnormalShutdown
1537977598736	geckodriver	INFO	geckodriver 0.20.0
1537977598802	geckodriver	INFO	Listening on 127.0.0.1:58022
1537977599769	mozrunner::runner	INFO	Running command: "/Applications/Firefox.app/Contents/MacOS/firefox-bin" "-marionette" "-profile" "/var/folders/vs/m5_8hw4n0m1_8h33x11zh2jr0000gn/T/rust_mozprofile.yipAAHQ8BYuL"
2018-09-26 13:00:01.184 plugin-container[48589:3946484] *** CFMessagePort: bootstrap_register(): failed 1100 (0x44c) 'Permission denied', port = 0x823f, name = 'com.apple.tsm.portname'
See /usr/include/servers/bootstrap_defs.h for the error codes.
1537977601626	Marionette	INFO	Listening on port 58033
1537977601694	Marionette	WARN	TLS certificate errors will be ignored for this session
2018-09-26 13:00:02.098 plugin-container[48590:3946575] *** CFMessagePort: bootstrap_register(): failed 1100 (0x44c) 'Permission denied', port = 0x7843, name = 'com.apple.tsm.portname'
See /usr/include/servers/bootstrap_defs.h for the error codes.
JavaScript warning: https://static.pubmed.gov/portal/portal3rc.fcgi/4181544/js/3812534/4087685/3812535/4080513/3815665/4069329/4178377/3879255/4121861/4179604/4076482/2486879/3390268/2465107/3758627/2026703/1053413/3812291/3805571/3908752/3423/42782/4166254/3407051/25348/4019784/3924613/3798707/3397055/4177273/3217400/4161206/4001808.js, line 2618: unreachable code after return statement
JavaScript warning: https://static.pubmed.gov/portal/portal3rc.fcgi/4181544/js/3812534/4087685/3812535/4080513/3815665/4069329/4178377/3879255/4121861/4179604/3758627/2026703/3812291/3805571/3908752/3423/42782/4166254/3407051/4076482/25348/4019784/31971/35962/2168002/3924613/3798707/3397055/4177273/3217400/4161206/4001808.js, line 2618: unreachable code after return statement
JavaScript warning: https://static.pubmed.gov/portal/portal3rc.fcgi/4181544/js/3812534/4087685/3812535/4080513/3815665/4069329/4178377/3879255/4121861/4179604/3758627/2026703/3908752/3423/4176330/4178692/3217400/4176568/4177091/4076482/4178709/4178696/31971/35962/2168002/31854/35643/33966/33536/3254321/3397055/4177273/4161206/4001808.js, line 2618: unreachable code after return statement
1537977612793	geckodriver	INFO	geckodriver 0.20.0
1537977612862	geckodriver	INFO	Listening on 127.0.0.1:58164
1537977613821	mozrunner::runner	INFO	Running command: "/Applications/Firefox.app/Contents/MacOS/firefox-bin" "-marionette" "-profile" "/var/folders/vs/m5_8hw4n0m1_8h33x11zh2jr0000gn/T/rust_mozprofile.1U1jySsDaSLW"
2018-09-26 13:00:15.358 plugin-container[48598:3946874] *** CFMessagePort: bootstrap_register(): failed 1100 (0x44c) 'Permission denied', port = 0x783f, name = 'com.apple.tsm.portname'
See /usr/include/servers/bootstrap_defs.h for the error codes.
1537977615784	Marionette	INFO	Listening on port 58175
1537977615915	Marionette	WARN	TLS certificate errors will be ignored for this session
2018-09-26 13:00:16.194 plugin-container[48599:3946969] *** CFMessagePort: bootstrap_register(): failed 1100 (0x44c) 'Permission denied', port = 0x8903, name = 'com.apple.tsm.portname'
See /usr/include/servers/bootstrap_defs.h for the error codes.
JavaScript warning: https://static.pubmed.gov/portal/portal3rc.fcgi/4181544/js/3812534/4087685/3812535/4080513/3815665/4069329/4178377/3879255/4121861/4179604/4076482/2486879/3390268/2465107/3758627/2026703/1053413/3812291/3805571/3908752/3423/42782/4166254/3407051/25348/4019784/3924613/3798707/3397055/4177273/3217400/4161206/4001808.js, line 2618: unreachable code after return statement
JavaScript warning: https://static.pubmed.gov/portal/portal3rc.fcgi/4181544/js/3812534/4087685/3812535/4080513/3815665/4069329/4178377/3879255/4121861/4179604/3758627/2026703/3812291/3805571/3908752/3423/42782/4166254/3407051/4076482/25348/4019784/31971/35962/2168002/3924613/3798707/3397055/4177273/3217400/4161206/4001808.js, line 2618: unreachable code after return statement
JavaScript warning: https://static.pubmed.gov/portal/portal3rc.fcgi/4181544/js/3812534/4087685/3812535/4080513/3815665/4069329/4178377/3879255/4121861/4179604/3758627/2026703/3908752/3423/4176330/4178692/3217400/4176568/4177091/4076482/4178709/4178696/31971/35962/2168002/31854/35643/33966/33536/3254321/3397055/4177273/4161206/4001808.js, line 2618: unreachable code after return statement
JavaScript warning: https://static.pubmed.gov/portal/portal3rc.fcgi/4181544/js/3812534/4087685/3812535/4080513/3815665/4069329/4178377/3879255/4121861/4179604/3758627/2026703/3812291/3805571/3908752/3423/42782/4166254/3407051/4076482/25348/4019784/31971/35962/2168002/3924613/3798707/3397055/4177273/3217400/4161206/4001808.js, line 2618: unreachable code after return statement
JavaScript warning: https://static.pubmed.gov/portal/portal3rc.fcgi/4181544/js/3812534/4087685/3812535/4080513/3815665/4069329/4178377/3879255/4121861/4179604/3758627/2026703/3908752/3423/4176330/4178692/3217400/4176568/4177091/4076482/4178709/4178696/31971/35962/2168002/31854/35643/33966/33536/3254321/3397055/4177273/4161206/4001808.js, line 2618: unreachable code after return statement
JavaScript warning: https://static.pubmed.gov/portal/portal3rc.fcgi/4181544/js/3812534/4087685/3812535/4080513/3815665/4069329/4178377/3879255/4121861/4179604/3758627/2026703/3812291/3805571/3908752/3423/42782/4166254/3407051/4076482/25348/4019784/31971/35962/2168002/3924613/3798707/3397055/4177273/3217400/4161206/4001808.js, line 2618: unreachable code after return statement
JavaScript warning: https://static.pubmed.gov/portal/portal3rc.fcgi/4181544/js/3812534/4087685/3812535/4080513/3815665/4069329/4178377/3879255/4121861/4179604/4076482/2486879/3390268/2465107/3758627/2026703/1053413/3812291/3805571/3908752/3423/42782/4166254/3407051/25348/4019784/3924613/3798707/3397055/4177273/3217400/4161206/4001808.js, line 2618: unreachable code after return statement
JavaScript warning: https://static.pubmed.gov/portal/portal3rc.fcgi/4181544/js/3812534/4087685/3812535/4080513/3815665/4069329/4178377/3879255/4121861/4179604/3758627/2026703/1053413/3812291/3805571/3908752/3423/42782/4166254/3407051/4076482/25348/4019784/3924613/3798707/3397055/4177273/3217400/4161206/4001808.js, line 2618: unreachable code after return statement
JavaScript warning: https://static.pubmed.gov/portal/portal3rc.fcgi/4181544/js/3812534/4087685/3812535/4080513/3815665/4069329/4178377/3879255/4121861/4179604/3758627/2026703/3908752/3423/4176330/4178692/3217400/4176568/4177091/4076482/4178709/4178696/31971/35962/2168002/31854/35643/33966/33536/3254321/3397055/4177273/4161206/4001808.js, line 2618: unreachable code after return statement
JavaScript warning: https://static.pubmed.gov/portal/portal3rc.fcgi/4181544/js/3812534/4087685/3812535/4080513/3815665/4069329/4178377/3879255/4121861/4179604/3758627/2026703/1053413/3812291/3805571/3908752/3423/42782/4166254/3407051/4076482/25348/4019784/3924613/3798707/3397055/4177273/3217400/4161206/4001808.js, line 2618: unreachable code after return statement
JavaScript warning: https://static.pubmed.gov/portal/portal3rc.fcgi/4181544/js/3812534/4087685/3812535/4080513/3815665/4069329/4178377/3879255/4121861/4179604/3758627/2026703/3908752/3423/4176330/4178692/3217400/4176568/4177091/4076482/4178709/4178696/31971/35962/2168002/31854/35643/33966/33536/3254321/3397055/4177273/4161206/4001808.js, line 2618: unreachable code after return statement
JavaScript warning: https://static.pubmed.gov/portal/portal3rc.fcgi/4181544/js/3812534/4087685/3812535/4080513/3815665/4069329/4178377/3879255/4121861/4179604/3758627/2026703/1053413/3812291/3805571/3908752/3423/42782/4166254/3407051/4076482/25348/4019784/3924613/3798707/3397055/4177273/3217400/4161206/4001808.js, line 2618: unreachable code after return statement
JavaScript warning: https://static.pubmed.gov/portal/portal3rc.fcgi/4181544/js/3812534/4087685/3812535/4080513/3815665/4069329/4178377/3879255/4121861/4179604/4076482/2486879/3390268/2465107/3758627/2026703/1053413/3812291/3805571/3908752/3423/42782/4166254/3407051/25348/4019784/3924613/3798707/3397055/4177273/3217400/4161206/4001808.js, line 2618: unreachable code after return statement
JavaScript warning: https://static.pubmed.gov/portal/portal3rc.fcgi/4181544/js/3812534/4087685/3812535/4080513/3815665/4069329/4178377/3879255/4121861/4179604/3758627/2026703/1053413/3812291/3805571/3908752/3423/42782/4166254/3407051/4076482/25348/4019784/3924613/3798707/3397055/4177273/3217400/4161206/4001808.js, line 2618: unreachable code after return statement
JavaScript warning: https://static.pubmed.gov/portal/portal3rc.fcgi/4181544/js/3812534/4087685/3812535/4080513/3815665/4069329/4178377/3879255/4121861/4179604/4076482/2486879/3390268/2465107/3758627/2026703/1053413/3812291/3805571/3908752/3423/42782/4166254/3407051/25348/4019784/3924613/3798707/3397055/4177273/3217400/4161206/4001808.js, line 2618: unreachable code after return statement
JavaScript warning: https://static.pubmed.gov/portal/portal3rc.fcgi/4181544/js/3812534/4087685/3812535/4080513/3815665/4069329/4178377/3879255/4121861/4179604/3758627/2026703/3908752/3423/4176330/4178692/3217400/4176568/4177091/4076482/4178709/4178696/31971/35962/2168002/31967/33269/31854/35643/33966/33536/3397055/4177273/4161206/4001808.js, line 2618: unreachable code after return statement
JavaScript warning: https://static.pubmed.gov/portal/portal3rc.fcgi/4181544/js/3812534/4087685/3812535/4080513/3815665/4069329/4178377/3879255/4121861/4179604/3758627/2026703/3908752/3423/4176330/4178692/3217400/4176568/4177091/4076482/4178709/4178696/31971/35962/2168002/31967/33269/31854/35643/33966/33536/3397055/4177273/4161206/4001808.js, line 2618: unreachable code after return statement
JavaScript warning: https://static.pubmed.gov/portal/portal3rc.fcgi/4181544/js/3812534/4087685/3812535/4080513/3815665/4069329/4178377/3879255/4121861/4179604/3758627/2026703/3908752/3423/4176330/4178692/3217400/4176568/4177091/4076482/4178709/4178696/31971/35962/2168002/31967/33269/31854/35643/33966/33536/3397055/4177273/4161206/4001808.js, line 2618: unreachable code after return statement
JavaScript warning: https://static.pubmed.gov/portal/portal3rc.fcgi/4181544/js/3812534/4087685/3812535/4080513/3815665/4069329/4178377/3879255/4121861/4179604/3758627/2026703/3908752/3423/4176330/4178692/3217400/4176568/4177091/4076482/4178709/4178696/31971/35962/2168002/31967/33269/31854/35643/33966/33536/3397055/4177273/4161206/4001808.js, line 2618: unreachable code after return statement
1537977880722	geckodriver::marionette	ERROR	Failed to stop browser process
1537978368667	geckodriver	INFO	geckodriver 0.20.0
1537978368730	geckodriver	INFO	Listening on 127.0.0.1:59331
1537978369690	mozrunner::runner	INFO	Running command: "/Applications/Firefox.app/Contents/MacOS/firefox-bin" "-marionette" "-profile" "/var/folders/vs/m5_8hw4n0m1_8h33x11zh2jr0000gn/T/rust_mozprofile.6ms04aPRajnF"
2018-09-26 13:12:51.175 plugin-container[48683:3955747] *** CFMessagePort: bootstrap_register(): failed 1100 (0x44c) 'Permission denied', port = 0x843f, name = 'com.apple.tsm.portname'
See /usr/include/servers/bootstrap_defs.h for the error codes.
1537978371611	Marionette	INFO	Listening on port 59342
1537978371680	Marionette	WARN	TLS certificate errors will be ignored for this session
2018-09-26 13:12:52.044 plugin-container[48685:3955856] *** CFMessagePort: bootstrap_register(): failed 1100 (0x44c) 'Permission denied', port = 0x733f, name = 'com.apple.tsm.portname'
See /usr/include/servers/bootstrap_defs.h for the error codes.
JavaScript warning: https://static.pubmed.gov/portal/portal3rc.fcgi/4181544/js/3812534/4087685/3812535/4080513/3815665/4069329/4178377/3879255/4121861/4179604/4076482/2486879/3390268/2465107/3758627/2026703/1053413/3812291/3805571/3908752/3423/42782/4166254/3407051/25348/4019784/3924613/3798707/3397055/4177273/3217400/4161206/4001808.js, line 2618: unreachable code after return statement
JavaScript warning: https://static.pubmed.gov/portal/portal3rc.fcgi/4181544/js/3812534/4087685/3812535/4080513/3815665/4069329/4178377/3879255/4121861/4179604/3758627/2026703/3812291/3805571/3908752/3423/42782/4166254/3407051/4076482/25348/4019784/31971/35962/2168002/3924613/3798707/3397055/4177273/3217400/4161206/4001808.js, line 2618: unreachable code after return statement
JavaScript warning: https://static.pubmed.gov/portal/portal3rc.fcgi/4181544/js/3812534/4087685/3812535/4080513/3815665/4069329/4178377/3879255/4121861/4179604/3758627/2026703/3908752/3423/4176330/4178692/3217400/4176568/4177091/4076482/4178709/4178696/31971/35962/2168002/31854/35643/33966/33536/3254321/3397055/4177273/4161206/4001808.js, line 2618: unreachable code after return statement
JavaScript warning: https://static.pubmed.gov/portal/portal3rc.fcgi/4181544/js/3812534/4087685/3812535/4080513/3815665/4069329/4178377/3879255/4121861/4179604/3758627/2026703/3812291/3805571/3908752/3423/42782/4166254/3407051/4076482/25348/4019784/31971/35962/2168002/3924613/3798707/3397055/4177273/3217400/4161206/4001808.js, line 2618: unreachable code after return statement
JavaScript warning: https://static.pubmed.gov/portal/portal3rc.fcgi/4181544/js/3812534/4087685/3812535/4080513/3815665/4069329/4178377/3879255/4121861/4179604/3758627/2026703/3908752/3423/4176330/4178692/3217400/4176568/4177091/4076482/4178709/4178696/31971/35962/2168002/31854/35643/33966/33536/3254321/3397055/4177273/4161206/4001808.js, line 2618: unreachable code after return statement
JavaScript warning: https://static.pubmed.gov/portal/portal3rc.fcgi/4181544/js/3812534/4087685/3812535/4080513/3815665/4069329/4178377/3879255/4121861/4179604/3758627/2026703/3812291/3805571/3908752/3423/42782/4166254/3407051/4076482/25348/4019784/31971/35962/2168002/3924613/3798707/3397055/4177273/3217400/4161206/4001808.js, line 2618: unreachable code after return statement
JavaScript warning: https://static.pubmed.gov/portal/portal3rc.fcgi/4181544/js/3812534/4087685/3812535/4080513/3815665/4069329/4178377/3879255/4121861/4179604/4076482/2486879/3390268/2465107/3758627/2026703/1053413/3812291/3805571/3908752/3423/42782/4166254/3407051/25348/4019784/3924613/3798707/3397055/4177273/3217400/4161206/4001808.js, line 2618: unreachable code after return statement
JavaScript warning: https://static.pubmed.gov/portal/portal3rc.fcgi/4181544/js/3812534/4087685/3812535/4080513/3815665/4069329/4178377/3879255/4121861/4179604/3758627/2026703/1053413/3812291/3805571/3908752/3423/42782/4166254/3407051/4076482/25348/4019784/3924613/3798707/3397055/4177273/3217400/4161206/4001808.js, line 2618: unreachable code after return statement
JavaScript warning: https://static.pubmed.gov/portal/portal3rc.fcgi/4181544/js/3812534/4087685/3812535/4080513/3815665/4069329/4178377/3879255/4121861/4179604/3758627/2026703/3908752/3423/4176330/4178692/3217400/4176568/4177091/4076482/4178709/4178696/31971/35962/2168002/31854/35643/33966/33536/3254321/3397055/4177273/4161206/4001808.js, line 2618: unreachable code after return statement
JavaScript warning: https://static.pubmed.gov/portal/portal3rc.fcgi/4181544/js/3812534/4087685/3812535/4080513/3815665/4069329/4178377/3879255/4121861/4179604/3758627/2026703/1053413/3812291/3805571/3908752/3423/42782/4166254/3407051/4076482/25348/4019784/3924613/3798707/3397055/4177273/3217400/4161206/4001808.js, line 2618: unreachable code after return statement
JavaScript warning: https://static.pubmed.gov/portal/portal3rc.fcgi/4181544/js/3812534/4087685/3812535/4080513/3815665/4069329/4178377/3879255/4121861/4179604/3758627/2026703/3908752/3423/4176330/4178692/3217400/4176568/4177091/4076482/4178709/4178696/31971/35962/2168002/31854/35643/33966/33536/3254321/3397055/4177273/4161206/4001808.js, line 2618: unreachable code after return statement
JavaScript warning: https://static.pubmed.gov/portal/portal3rc.fcgi/4181544/js/3812534/4087685/3812535/4080513/3815665/4069329/4178377/3879255/4121861/4179604/3758627/2026703/1053413/3812291/3805571/3908752/3423/42782/4166254/3407051/4076482/25348/4019784/3924613/3798707/3397055/4177273/3217400/4161206/4001808.js, line 2618: unreachable code after return statement
JavaScript warning: https://static.pubmed.gov/portal/portal3rc.fcgi/4181544/js/3812534/4087685/3812535/4080513/3815665/4069329/4178377/3879255/4121861/4179604/4076482/2486879/3390268/2465107/3758627/2026703/1053413/3812291/3805571/3908752/3423/42782/4166254/3407051/25348/4019784/3924613/3798707/3397055/4177273/3217400/4161206/4001808.js, line 2618: unreachable code after return statement
JavaScript warning: https://static.pubmed.gov/portal/portal3rc.fcgi/4181544/js/3812534/4087685/3812535/4080513/3815665/4069329/4178377/3879255/4121861/4179604/3758627/2026703/1053413/3812291/3805571/3908752/3423/42782/4166254/3407051/4076482/25348/4019784/3924613/3798707/3397055/4177273/3217400/4161206/4001808.js, line 2618: unreachable code after return statement
JavaScript warning: https://static.pubmed.gov/portal/portal3rc.fcgi/4181544/js/3812534/4087685/3812535/4080513/3815665/4069329/4178377/3879255/4121861/4179604/4076482/2486879/3390268/2465107/3758627/2026703/1053413/3812291/3805571/3908752/3423/42782/4166254/3407051/25348/4019784/3924613/3798707/3397055/4177273/3217400/4161206/4001808.js, line 2618: unreachable code after return statement
1537978622854	geckodriver::marionette	ERROR	Failed to stop browser process

###!!! [Child][MessageChannel] Error: (msgtype=0x48000F,name=PHttpChannel::Msg___delete__) Channel closing: too late to send/recv, messages will be lost


###!!! [Child][MessageChannel] Error: (msgtype=0x540027,name=PNecko::Msg_RemoveRequestContext) Channel closing: too late to send/recv, messages will be lost

